<?xml version="1.0" encoding="UTF-8"?>
<testsuite xmlns:xsi="http://www.w3.org/2001/XMLSchema-instance" xsi:noNamespaceSchemaLocation="https://maven.apache.org/surefire/maven-surefire-plugin/xsd/surefire-test-report.xsd" name="basketball.PlayerTest" time="0.062" tests="39" errors="0" skipped="0" failures="0">
  <properties>
    <property name="java.specification.version" value="13"/>
    <property name="sun.jnu.encoding" value="UTF-8"/>
    <property name="java.class.path" value="/Users/josephcastro/Desktop/Comp587/target/test-classes:/Users/josephcastro/Desktop/Comp587/target/classes:/Users/josephcastro/.m2/repository/junit/junit/4.13/junit-4.13.jar:/Users/josephcastro/.m2/repository/org/hamcrest/hamcrest-core/1.3/hamcrest-core-1.3.jar:"/>
    <property name="java.vm.vendor" value="Oracle Corporation"/>
    <property name="sun.arch.data.model" value="64"/>
    <property name="java.vendor.url" value="https://openjdk.java.net/"/>
    <property name="os.name" value="Mac OS X"/>
    <property name="java.vm.specification.version" value="13"/>
    <property name="sun.java.launcher" value="SUN_STANDARD"/>
    <property name="user.country" value="US"/>
    <property name="sun.boot.library.path" value="/usr/local/Cellar/openjdk/13.0.2+8_2/libexec/openjdk.jdk/Contents/Home/lib"/>
    <property name="sun.java.command" value="/Users/josephcastro/Desktop/Comp587/target/surefire/surefirebooter2889126473254376594.jar /Users/josephcastro/Desktop/Comp587/target/surefire 2020-05-14T21-43-38_798-jvmRun1 surefire5888552725864531618tmp surefire_08666941334081165798tmp"/>
    <property name="http.nonProxyHosts" value="local|*.local|169.254/16|*.169.254/16"/>
    <property name="jdk.debug" value="release"/>
    <property name="surefire.test.class.path" value="/Users/josephcastro/Desktop/Comp587/target/test-classes:/Users/josephcastro/Desktop/Comp587/target/classes:/Users/josephcastro/.m2/repository/junit/junit/4.13/junit-4.13.jar:/Users/josephcastro/.m2/repository/org/hamcrest/hamcrest-core/1.3/hamcrest-core-1.3.jar:"/>
    <property name="sun.cpu.endian" value="little"/>
    <property name="user.home" value="/Users/josephcastro"/>
    <property name="user.language" value="en"/>
    <property name="java.specification.vendor" value="Oracle Corporation"/>
    <property name="java.version.date" value="2020-01-14"/>
    <property name="java.home" value="/usr/local/Cellar/openjdk/13.0.2+8_2/libexec/openjdk.jdk/Contents/Home"/>
    <property name="file.separator" value="/"/>
    <property name="basedir" value="/Users/josephcastro/Desktop/Comp587"/>
    <property name="java.vm.compressedOopsMode" value="Zero based"/>
    <property name="line.separator" value="&#10;"/>
    <property name="java.specification.name" value="Java Platform API Specification"/>
    <property name="java.vm.specification.vendor" value="Oracle Corporation"/>
    <property name="surefire.real.class.path" value="/Users/josephcastro/Desktop/Comp587/target/surefire/surefirebooter2889126473254376594.jar"/>
    <property name="sun.management.compiler" value="HotSpot 64-Bit Tiered Compilers"/>
    <property name="ftp.nonProxyHosts" value="local|*.local|169.254/16|*.169.254/16"/>
    <property name="java.runtime.version" value="13.0.2+8"/>
    <property name="user.name" value="josephcastro"/>
    <property name="path.separator" value=":"/>
    <property name="os.version" value="10.14.6"/>
    <property name="java.runtime.name" value="OpenJDK Runtime Environment"/>
    <property name="file.encoding" value="UTF-8"/>
    <property name="java.vm.name" value="OpenJDK 64-Bit Server VM"/>
    <property name="localRepository" value="/Users/josephcastro/.m2/repository"/>
    <property name="java.vendor.url.bug" value="https://bugreport.java.com/bugreport/"/>
    <property name="java.io.tmpdir" value="/var/folders/dl/lhhp_svd2b52wx9tqvvxp0qc0000gn/T/"/>
    <property name="java.version" value="13.0.2"/>
    <property name="user.dir" value="/Users/josephcastro/Desktop/Comp587"/>
    <property name="os.arch" value="x86_64"/>
    <property name="java.vm.specification.name" value="Java Virtual Machine Specification"/>
    <property name="java.library.path" value="/Users/josephcastro/Library/Java/Extensions:/Library/Java/Extensions:/Network/Library/Java/Extensions:/System/Library/Java/Extensions:/usr/lib/java:."/>
    <property name="java.vm.info" value="mixed mode, sharing"/>
    <property name="java.vendor" value="N/A"/>
    <property name="java.vm.version" value="13.0.2+8"/>
    <property name="sun.io.unicode.encoding" value="UnicodeBig"/>
    <property name="socksNonProxyHosts" value="local|*.local|169.254/16|*.169.254/16"/>
    <property name="java.class.version" value="57.0"/>
  </properties>
  <testcase name="playerGetLastNameTest" classname="basketball.PlayerTest" time="0.001"/>
  <testcase name="playerSetOnFloorTest" classname="basketball.PlayerTest" time="0.002"/>
  <testcase name="playerGetStat" classname="basketball.PlayerTest" time="0.002"/>
  <testcase name="playerGetStat1" classname="basketball.PlayerTest" time="0.002"/>
  <testcase name="playerGetStat2" classname="basketball.PlayerTest" time="0.002"/>
  <testcase name="playerGetStat3" classname="basketball.PlayerTest" time="0.002"/>
  <testcase name="playerGetStat4" classname="basketball.PlayerTest" time="0.001"/>
  <testcase name="playerGetStat5" classname="basketball.PlayerTest" time="0.002"/>
  <testcase name="playerGetStat6" classname="basketball.PlayerTest" time="0.001"/>
  <testcase name="playerAlternateConstructorTest0" classname="basketball.PlayerTest" time="0"/>
  <testcase name="playerAlternateConstructorTest1" classname="basketball.PlayerTest" time="0"/>
  <testcase name="playerAlternateConstructorTest2" classname="basketball.PlayerTest" time="0.001"/>
  <testcase name="playerFouledOut" classname="basketball.PlayerTest" time="0.001"/>
  <testcase name="playerToString" classname="basketball.PlayerTest" time="0.002"/>
  <testcase name="playerFieldGoalPercentError" classname="basketball.PlayerTest" time="0.001"/>
  <testcase name="playerSetOffFloorTest" classname="basketball.PlayerTest" time="0.001"/>
  <testcase name="playerEqualsBool" classname="basketball.PlayerTest" time="0.001"/>
  <testcase name="playerGetDisplayNameTest" classname="basketball.PlayerTest" time="0.001"/>
  <testcase name="playerTechEject" classname="basketball.PlayerTest" time="0.001"/>
  <testcase name="playerEqualsBool1" classname="basketball.PlayerTest" time="0.001"/>
  <testcase name="playerEqualsTest0" classname="basketball.PlayerTest" time="0.002"/>
  <testcase name="playerEqualsTest1" classname="basketball.PlayerTest" time="0.001"/>
  <testcase name="playerEqualsTest2" classname="basketball.PlayerTest" time="0.001"/>
  <testcase name="playerSetNameTest0" classname="basketball.PlayerTest" time="0.001"/>
  <testcase name="playerSetNameTest1" classname="basketball.PlayerTest" time="0.001"/>
  <testcase name="playerEqualsNullTest" classname="basketball.PlayerTest" time="0.001"/>
  <testcase name="playerFieldGoalPercentPerfect" classname="basketball.PlayerTest" time="0.001"/>
  <testcase name="playerGetNameTest" classname="basketball.PlayerTest" time="0.001"/>
  <testcase name="playerStatMap" classname="basketball.PlayerTest" time="0.001"/>
  <testcase name="playerSetDisplayNameTest0" classname="basketball.PlayerTest" time="0.001"/>
  <testcase name="playerSetDisplayNameTest1" classname="basketball.PlayerTest" time="0.001"/>
  <testcase name="playerFlagrant1" classname="basketball.PlayerTest" time="0.001"/>
  <testcase name="playerFlagrant2" classname="basketball.PlayerTest" time="0.001"/>
  <testcase name="playerFieldGoalPercent" classname="basketball.PlayerTest" time="0"/>
  <testcase name="playerCompareToTest0" classname="basketball.PlayerTest" time="0"/>
  <testcase name="playerCompareToTest1" classname="basketball.PlayerTest" time="0.001"/>
  <testcase name="playerFieldGoalPercentZero" classname="basketball.PlayerTest" time="0.001"/>
  <testcase name="playerStatLine" classname="basketball.PlayerTest" time="0.012"/>
  <testcase name="playerStatMap1" classname="basketball.PlayerTest" time="0.001"/>
</testsuite>