<?xml version="1.0" encoding="UTF-8"?>
<testsuite xmlns:xsi="http://www.w3.org/2001/XMLSchema-instance" xsi:noNamespaceSchemaLocation="https://maven.apache.org/surefire/maven-surefire-plugin/xsd/surefire-test-report.xsd" name="basketball.PlayerTest" time="0.249" tests="18" errors="0" skipped="0" failures="0">
  <properties>
    <property name="java.specification.version" value="14"/>
    <property name="sun.cpu.isalist" value="amd64"/>
    <property name="sun.jnu.encoding" value="Cp1252"/>
    <property name="java.class.path" value="C:\Users\JC\Documents\CSUN\COMP-587\Basketball-Statistics-Tracking\target\test-classes;C:\Users\JC\Documents\CSUN\COMP-587\Basketball-Statistics-Tracking\target\classes;C:\Users\JC\.m2\repository\junit\junit\4.13\junit-4.13.jar;C:\Users\JC\.m2\repository\org\hamcrest\hamcrest-core\1.3\hamcrest-core-1.3.jar;"/>
    <property name="java.vm.vendor" value="Oracle Corporation"/>
    <property name="sun.arch.data.model" value="64"/>
    <property name="user.variant" value=""/>
    <property name="java.vendor.url" value="https://java.oracle.com/"/>
    <property name="user.timezone" value="America/Los_Angeles"/>
    <property name="os.name" value="Windows 10"/>
    <property name="java.vm.specification.version" value="14"/>
    <property name="sun.java.launcher" value="SUN_STANDARD"/>
    <property name="user.country" value="US"/>
    <property name="sun.boot.library.path" value="C:\Program Files\Java\jdk-14\bin"/>
    <property name="sun.java.command" value="C:\Users\JC\AppData\Local\Temp\surefire13507232964735386198\surefirebooter13125557724705387146.jar C:\Users\JC\AppData\Local\Temp\surefire13507232964735386198 2020-04-16T19-40-00_259-jvmRun1 surefire9433022945773069199tmp surefire_08305235783452579047tmp"/>
    <property name="jdk.debug" value="release"/>
    <property name="surefire.test.class.path" value="C:\Users\JC\Documents\CSUN\COMP-587\Basketball-Statistics-Tracking\target\test-classes;C:\Users\JC\Documents\CSUN\COMP-587\Basketball-Statistics-Tracking\target\classes;C:\Users\JC\.m2\repository\junit\junit\4.13\junit-4.13.jar;C:\Users\JC\.m2\repository\org\hamcrest\hamcrest-core\1.3\hamcrest-core-1.3.jar;"/>
    <property name="sun.cpu.endian" value="little"/>
    <property name="user.home" value="C:\Users\JC"/>
    <property name="user.language" value="en"/>
    <property name="java.specification.vendor" value="Oracle Corporation"/>
    <property name="java.version.date" value="2020-03-17"/>
    <property name="java.home" value="C:\Program Files\Java\jdk-14"/>
    <property name="file.separator" value="\"/>
    <property name="basedir" value="C:\Users\JC\Documents\CSUN\COMP-587\Basketball-Statistics-Tracking"/>
    <property name="java.vm.compressedOopsMode" value="Zero based"/>
    <property name="line.separator" value="&#10;"/>
    <property name="java.vm.specification.vendor" value="Oracle Corporation"/>
    <property name="java.specification.name" value="Java Platform API Specification"/>
    <property name="surefire.real.class.path" value="C:\Users\JC\AppData\Local\Temp\surefire13507232964735386198\surefirebooter13125557724705387146.jar"/>
    <property name="user.script" value=""/>
    <property name="sun.management.compiler" value="HotSpot 64-Bit Tiered Compilers"/>
    <property name="java.runtime.version" value="14+36-1461"/>
    <property name="user.name" value="JC"/>
    <property name="path.separator" value=";"/>
    <property name="os.version" value="10.0"/>
    <property name="java.runtime.name" value="Java(TM) SE Runtime Environment"/>
    <property name="file.encoding" value="Cp1252"/>
    <property name="java.vm.name" value="Java HotSpot(TM) 64-Bit Server VM"/>
    <property name="localRepository" value="C:\Users\JC\.m2\repository"/>
    <property name="java.vendor.url.bug" value="https://bugreport.java.com/bugreport/"/>
    <property name="java.io.tmpdir" value="C:\Users\JC\AppData\Local\Temp\"/>
    <property name="java.version" value="14"/>
    <property name="user.dir" value="C:\Users\JC\Documents\CSUN\COMP-587\Basketball-Statistics-Tracking"/>
    <property name="os.arch" value="amd64"/>
    <property name="java.vm.specification.name" value="Java Virtual Machine Specification"/>
    <property name="sun.os.patch.level" value=""/>
    <property name="java.library.path" value="C:\Program Files\Java\jdk-14\bin;C:\WINDOWS\Sun\Java\bin;C:\WINDOWS\system32;C:\WINDOWS;C:\Users\JC\Documents\cmder\bin;C:\Users\JC\Documents\cmder\vendor\bin;C:\Users\JC\Documents\cmder\vendor\conemu-maximus5\ConEmu\Scripts;C:\Users\JC\Documents\cmder\vendor\conemu-maximus5;C:\Users\JC\Documents\cmder\vendor\conemu-maximus5\ConEmu;C:\Python27\;C:\Python27\Scripts;C:\ProgramData\Oracle\Java\javapath;C:\Windows\System32\Wbem;C:\Windows;C:\Windows\system32;C:\Program Files (x86)\Razer Chroma SDK\bin;C:\Program Files\Razer Chroma SDK\bin;C:\Program Files (x86)\Intel\iCLS Client\;C:\Program Files\Intel\iCLS Client\;C:\Windows\System32\WindowsPowerShell\v1.0\;C:\Program Files (x86)\AMD\ATI.ACE\Core-Static;C:\Program Files\Intel\Intel(R) Management Engine Components\DAL;C:\Program Files (x86)\Intel\Intel(R) Management Engine Components\DAL;C:\Program Files\Intel\Intel(R) Management Engine Components\IPT;C:\Program Files (x86)\Intel\Intel(R) Management Engine Components\IPT;C:\Program Files\Microsoft SQL Server\130\Tools\Binn\;C:\Program Files\Microsoft\Web Platform Installer\;C:\Program Files\dotnet\;C:\Program Files (x86)\GtkSharp\2.12\bin;C:\Program Files\Git\cmd;C:\Program Files (x86)\NVIDIA Corporation\PhysX\Common;C:\Program Files\Microsoft SQL Server\110\Tools\Binn\;C:\Program Files\Microsoft SQL Server\120\Tools\Binn\;C:\WINDOWS\system32;C:\WINDOWS;C:\WINDOWS\System32\Wbem;C:\WINDOWS\System32\WindowsPowerShell\v1.0\;Z:\Matlab\runtime\win64;Z:\Matlab\bin;C:\Program Files (x86)\Brackets\command;C:\WINDOWS\System32\OpenSSH\;C:\Program Files\NVIDIA Corporation\NVIDIA NvDLISR;C:\WINDOWS\system32;C:\WINDOWS;C:\WINDOWS\System32\Wbem;C:\WINDOWS\System32\WindowsPowerShell\v1.0\;C:\WINDOWS\System32\OpenSSH\;C:\Program Files\nodejs\;C:\ProgramData\chocolatey\bin;C:\Program Files\Java\jdk-14\bin;C:\apache-maven-3.6.3\bin;C:\Gradle\gradle-6.3\bin;C:\Users\JC\AppData\Local\Microsoft\WindowsApps;C:\Users\JC\AppData\Local\Microsoft\WindowsApps;C:\Users\JC\AppData\Roaming\npm;C:\Program Files (x86)\FAHClient;C:\Users\JC\AppData\Local\Programs\Microsoft VS Code\bin;C:\Program Files\Git\cmd;C:\Program Files\Git\mingw64\bin;C:\Program Files\Git\usr\bin;C:\Users\JC\Documents\cmder;."/>
    <property name="java.vm.info" value="mixed mode, sharing"/>
    <property name="java.vendor" value="Oracle Corporation"/>
    <property name="java.vm.version" value="14+36-1461"/>
    <property name="sun.io.unicode.encoding" value="UnicodeLittle"/>
    <property name="java.class.version" value="58.0"/>
  </properties>
  <testcase name="playerGetLastNameTest" classname="basketball.PlayerTest" time="0.223"/>
  <testcase name="playerSetOnFloorTest" classname="basketball.PlayerTest" time="0"/>
  <testcase name="playerAlternateConstructorTest0" classname="basketball.PlayerTest" time="0.002"/>
  <testcase name="playerAlternateConstructorTest1" classname="basketball.PlayerTest" time="0.004"/>
  <testcase name="playerAlternateConstructorTest2" classname="basketball.PlayerTest" time="0"/>
  <testcase name="playerToString" classname="basketball.PlayerTest" time="0.001"/>
  <testcase name="playerSetOffFloorTest" classname="basketball.PlayerTest" time="0"/>
  <testcase name="playerGetDisplayNameTest" classname="basketball.PlayerTest" time="0.001"/>
  <testcase name="playerEqualsTest0" classname="basketball.PlayerTest" time="0.001"/>
  <testcase name="playerEqualsTest1" classname="basketball.PlayerTest" time="0.002"/>
  <testcase name="playerEqualsTest2" classname="basketball.PlayerTest" time="0"/>
  <testcase name="playerSetNameTest0" classname="basketball.PlayerTest" time="0.001"/>
  <testcase name="playerSetNameTest1" classname="basketball.PlayerTest" time="0.001"/>
  <testcase name="playerGetNameTest" classname="basketball.PlayerTest" time="0.001"/>
  <testcase name="playerSetDisplayNameTest0" classname="basketball.PlayerTest" time="0.002"/>
  <testcase name="playerSetDisplayNameTest1" classname="basketball.PlayerTest" time="0"/>
  <testcase name="playerCompareToTest0" classname="basketball.PlayerTest" time="0.001"/>
  <testcase name="playerCompareToTest1" classname="basketball.PlayerTest" time="0"/>
</testsuite>